<?xml version="1.0" encoding="UTF-8"?>
<testng-results ignored="0" total="1" passed="1" failed="0" skipped="0">
  <reporter-output>
  </reporter-output>
  <suite started-at="2022-10-25T15:22:36 IST" name="Default suite" finished-at="2022-10-25T15:22:53 IST" duration-ms="16153">
    <groups>
    </groups>
    <test started-at="2022-10-25T15:22:36 IST" name="Default test" finished-at="2022-10-25T15:22:53 IST" duration-ms="16153">
      <class name="test.Sauce">
        <test-method is-config="true" signature="beforeTest()[pri:0, instance:test.Sauce@2b662a77]" started-at="2022-10-25T15:22:37 IST" name="beforeTest" finished-at="2022-10-25T15:22:37 IST" duration-ms="399" status="PASS">
          <reporter-output>
          </reporter-output>
        </test-method> <!-- beforeTest -->
        <test-method signature="SauceDemo()[pri:0, instance:test.Sauce@2b662a77]" started-at="2022-10-25T15:22:37 IST" name="SauceDemo" finished-at="2022-10-25T15:22:51 IST" duration-ms="14483" status="PASS">
          <reporter-output>
          </reporter-output>
        </test-method> <!-- SauceDemo -->
        <test-method is-config="true" signature="afterTest()[pri:0, instance:test.Sauce@2b662a77]" started-at="2022-10-25T15:22:51 IST" name="afterTest" finished-at="2022-10-25T15:22:53 IST" duration-ms="1192" status="PASS">
          <reporter-output>
          </reporter-output>
        </test-method> <!-- afterTest -->
      </class> <!-- test.Sauce -->
    </test> <!-- Default test -->
  </suite> <!-- Default suite -->
</testng-results>
